<?xml version="1.0" encoding="UTF-8"?>
<!-- Generated by org.testng.reporters.JUnitXMLReporter -->
<testsuite ignored="0" hostname="Vidul" failures="0" tests="4" name="Altro" time="25.205" errors="0" timestamp="2024-07-24T16:20:48 IST">
  <testcase classname="Learn_TestNG.Altro2_Asserts_Firefox" name="applunch" time="4.289"/>
  <testcase classname="Learn_TestNG.Altro2_Asserts_Firefox" name="signoff" time="0.077"/>
  <testcase classname="Learn_TestNG.Altro_copy" name="applunch" time="5.679"/>
  <testcase classname="Learn_TestNG.Altro_copy" name="signoff" time="0.088"/>
</testsuite> <!-- Altro -->
