<?xml version="1.0" encoding="UTF-8"?>
<testng-results ignored="0" total="2" passed="2" failed="0" skipped="0">
  <reporter-output>
  </reporter-output>
  <suite started-at="2024-09-10T00:28:12 IST" name="Suite" finished-at="2024-09-10T00:28:24 IST" duration-ms="11850">
    <groups>
    </groups>
    <test started-at="2024-09-10T00:28:12 IST" name="Test" finished-at="2024-09-10T00:28:24 IST" duration-ms="11850">
      <class name="Learn_TestNG.Altro">
        <test-method is-config="true" signature="init()[pri:0, instance:Learn_TestNG.Altro@9353778]" started-at="2024-09-10T00:28:12 IST" name="init" finished-at="2024-09-10T00:28:18 IST" duration-ms="6424" status="PASS">
          <reporter-output>
          </reporter-output>
        </test-method> <!-- init -->
        <test-method signature="applunch()[pri:0, instance:Learn_TestNG.Altro@9353778]" started-at="2024-09-10T00:28:18 IST" name="applunch" finished-at="2024-09-10T00:28:21 IST" duration-ms="2933" status="PASS">
          <reporter-output>
          </reporter-output>
        </test-method> <!-- applunch -->
        <test-method signature="signoff()[pri:0, instance:Learn_TestNG.Altro@9353778]" started-at="2024-09-10T00:28:21 IST" name="signoff" finished-at="2024-09-10T00:28:21 IST" duration-ms="55" status="PASS">
          <reporter-output>
          </reporter-output>
        </test-method> <!-- signoff -->
        <test-method is-config="true" signature="appdown()[pri:0, instance:Learn_TestNG.Altro@9353778]" started-at="2024-09-10T00:28:21 IST" name="appdown" finished-at="2024-09-10T00:28:24 IST" duration-ms="2326" status="PASS">
          <reporter-output>
          </reporter-output>
        </test-method> <!-- appdown -->
      </class> <!-- Learn_TestNG.Altro -->
    </test> <!-- Test -->
  </suite> <!-- Suite -->
</testng-results>
