<?xml version="1.0" encoding="UTF-8"?>
<testng-results ignored="0" total="2" passed="2" failed="0" skipped="0">
  <reporter-output>
  </reporter-output>
  <suite started-at="2024-07-24T16:31:43 IST" name="Default suite" finished-at="2024-07-24T16:32:02 IST" duration-ms="19114">
    <groups>
    </groups>
    <test started-at="2024-07-24T16:31:43 IST" name="Default test" finished-at="2024-07-24T16:32:02 IST" duration-ms="19114">
      <class name="Learn_TestNG.Altro">
        <test-method is-config="true" signature="init()[pri:0, instance:Learn_TestNG.Altro@595b007d]" started-at="2024-07-24T16:31:43 IST" name="init" finished-at="2024-07-24T16:31:56 IST" duration-ms="13011" status="PASS">
          <reporter-output>
          </reporter-output>
        </test-method> <!-- init -->
        <test-method signature="applunch()[pri:0, instance:Learn_TestNG.Altro@595b007d]" started-at="2024-07-24T16:31:56 IST" name="applunch" finished-at="2024-07-24T16:31:59 IST" duration-ms="3526" status="PASS">
          <reporter-output>
          </reporter-output>
        </test-method> <!-- applunch -->
        <test-method signature="signoff()[pri:0, instance:Learn_TestNG.Altro@595b007d]" started-at="2024-07-24T16:31:59 IST" name="signoff" finished-at="2024-07-24T16:31:59 IST" duration-ms="82" status="PASS">
          <reporter-output>
          </reporter-output>
        </test-method> <!-- signoff -->
        <test-method is-config="true" signature="appdown()[pri:0, instance:Learn_TestNG.Altro@595b007d]" started-at="2024-07-24T16:31:59 IST" name="appdown" finished-at="2024-07-24T16:32:02 IST" duration-ms="2291" status="PASS">
          <reporter-output>
          </reporter-output>
        </test-method> <!-- appdown -->
      </class> <!-- Learn_TestNG.Altro -->
    </test> <!-- Default test -->
  </suite> <!-- Default suite -->
</testng-results>
